# JRE version: OpenJDK Runtime Environment (11.0.10) (build 11.0.10+0-b96-7249189)
# Java VM: OpenJDK 64-Bit Server VM (11.0.10+0-b96-7249189, mixed mode, tiered, compressed oops, g1 gc, windows-amd64)
Heap:
 garbage-first heap   total 479232K, used 274836K [0x0000000080000000, 0x0000000100000000)
  region size 1024K, 1 young (1024K), 1 survivors (1024K)
 Metaspace       used 141758K, capacity 145871K, committed 146176K, reserved 1175552K
  class space    used 17646K, capacity 19091K, committed 19200K, reserved 1048576K
GC Heap History (20 events):
Event: 99.842 GC heap after
{Heap after GC invocations=101 (full 0):
 garbage-first heap   total 287744K, used 220160K [0x0000000080000000, 0x0000000100000000)
  region size 1024K, 5 young (5120K), 5 survivors (5120K)
 Metaspace       used 137904K, capacity 141626K, committed 141824K, reserved 1173504K
  class space    used 17219K, capacity 18578K, committed 18688K, reserved 1048576K
}
Event: 100.733 GC heap before
{Heap before GC invocations=101 (full 0):
 garbage-first heap   total 287744K, used 238592K [0x0000000080000000, 0x0000000100000000)
  region size 1024K, 25 young (25600K), 5 survivors (5120K)
 Metaspace       used 139809K, capacity 143587K, committed 143872K, reserved 1173504K
  class space    used 17453K, capacity 18847K, committed 18944K, reserved 1048576K
}
Event: 100.754 GC heap after
{Heap after GC invocations=102 (full 0):
 garbage-first heap   total 287744K, used 220672K [0x0000000080000000, 0x0000000100000000)
  region size 1024K, 3 young (3072K), 3 survivors (3072K)
 Metaspace       used 139809K, capacity 143587K, committed 143872K, reserved 1173504K
  class space    used 17453K, capacity 18847K, committed 18944K, reserved 1048576K
}
Event: 101.356 GC heap before
{Heap before GC invocations=103 (full 0):
 garbage-first heap   total 287744K, used 240128K [0x0000000080000000, 0x0000000100000000)
  region size 1024K, 23 young (23552K), 3 survivors (3072K)
 Metaspace       used 140888K, capacity 144689K, committed 145024K, reserved 1175552K
  class space    used 17553K, capacity 18952K, committed 19072K, reserved 1048576K
}
Event: 101.378 GC heap after
{Heap after GC invocations=104 (full 0):
 garbage-first heap   total 287744K, used 228730K [0x0000000080000000, 0x0000000100000000)
  region size 1024K, 3 young (3072K), 3 survivors (3072K)
 Metaspace       used 140888K, capacity 144689K, committed 145024K, reserved 1175552K
  class space    used 17553K, capacity 18952K, committed 19072K, reserved 1048576K
}
Event: 101.473 GC heap before
{Heap before GC invocations=104 (full 0):
 garbage-first heap   total 287744K, used 238970K [0x0000000080000000, 0x0000000100000000)
  region size 1024K, 14 young (14336K), 3 survivors (3072K)
 Metaspace       used 140888K, capacity 144689K, committed 145024K, reserved 1175552K
  class space    used 17553K, capacity 18952K, committed 19072K, reserved 1048576K
}
Event: 101.498 GC heap after
{Heap after GC invocations=105 (full 0):
 garbage-first heap   total 287744K, used 225663K [0x0000000080000000, 0x0000000100000000)
  region size 1024K, 2 young (2048K), 2 survivors (2048K)
 Metaspace       used 140888K, capacity 144689K, committed 145024K, reserved 1175552K
  class space    used 17553K, capacity 18952K, committed 19072K, reserved 1048576K
}
Event: 101.543 GC heap before
{Heap before GC invocations=105 (full 0):
 garbage-first heap   total 287744K, used 236927K [0x0000000080000000, 0x0000000100000000)
  region size 1024K, 14 young (14336K), 2 survivors (2048K)
 Metaspace       used 140888K, capacity 144689K, committed 145024K, reserved 1175552K
  class space    used 17553K, capacity 18952K, committed 19072K, reserved 1048576K
}
Event: 101.561 GC heap after
{Heap after GC invocations=106 (full 0):
 garbage-first heap   total 287744K, used 236032K [0x0000000080000000, 0x0000000100000000)
  region size 1024K, 2 young (2048K), 2 survivors (2048K)
 Metaspace       used 140888K, capacity 144689K, committed 145024K, reserved 1175552K
  class space    used 17553K, capacity 18952K, committed 19072K, reserved 1048576K
}
Event: 101.603 GC heap before
{Heap before GC invocations=106 (full 0):
 garbage-first heap   total 287744K, used 248320K [0x0000000080000000, 0x0000000100000000)
  region size 1024K, 14 young (14336K), 2 survivors (2048K)
 Metaspace       used 140888K, capacity 144689K, committed 145024K, reserved 1175552K
  class space    used 17553K, capacity 18952K, committed 19072K, reserved 1048576K
}
Event: 101.631 GC heap after
{Heap after GC invocations=107 (full 0):
 garbage-first heap   total 287744K, used 246265K [0x0000000080000000, 0x0000000100000000)
  region size 1024K, 2 young (2048K), 2 survivors (2048K)
 Metaspace       used 140888K, capacity 144689K, committed 145024K, reserved 1175552K
  class space    used 17553K, capacity 18952K, committed 19072K, reserved 1048576K
}
Event: 101.728 GC heap before
{Heap before GC invocations=107 (full 0):
 garbage-first heap   total 287744K, used 258553K [0x0000000080000000, 0x0000000100000000)
  region size 1024K, 14 young (14336K), 2 survivors (2048K)
 Metaspace       used 140909K, capacity 144691K, committed 145024K, reserved 1175552K
  class space    used 17553K, capacity 18952K, committed 19072K, reserved 1048576K
}
Event: 101.756 GC heap after
{Heap after GC invocations=108 (full 0):
 garbage-first heap   total 346112K, used 254857K [0x0000000080000000, 0x0000000100000000)
  region size 1024K, 2 young (2048K), 2 survivors (2048K)
 Metaspace       used 140909K, capacity 144691K, committed 145024K, reserved 1175552K
  class space    used 17553K, capacity 18952K, committed 19072K, reserved 1048576K
}
Event: 102.145 GC heap before
{Heap before GC invocations=108 (full 0):
 garbage-first heap   total 346112K, used 274313K [0x0000000080000000, 0x0000000100000000)
  region size 1024K, 21 young (21504K), 2 survivors (2048K)
 Metaspace       used 140985K, capacity 144822K, committed 145024K, reserved 1175552K
  class space    used 17553K, capacity 18952K, committed 19072K, reserved 1048576K
}
Event: 102.167 GC heap after
{Heap after GC invocations=109 (full 0):
 garbage-first heap   total 346112K, used 272384K [0x0000000080000000, 0x0000000100000000)
  region size 1024K, 3 young (3072K), 3 survivors (3072K)
 Metaspace       used 140985K, capacity 144822K, committed 145024K, reserved 1175552K
  class space    used 17553K, capacity 18952K, committed 19072K, reserved 1048576K
}
Event: 102.267 GC heap before
{Heap before GC invocations=109 (full 0):
 garbage-first heap   total 346112K, used 285696K [0x0000000080000000, 0x0000000100000000)
  region size 1024K, 16 young (16384K), 3 survivors (3072K)
 Metaspace       used 140985K, capacity 144822K, committed 145024K, reserved 1175552K
  class space    used 17553K, capacity 18952K, committed 19072K, reserved 1048576K
}
Event: 102.292 GC heap after
{Heap after GC invocations=110 (full 0):
 garbage-first heap   total 346112K, used 285696K [0x0000000080000000, 0x0000000100000000)
  region size 1024K, 2 young (2048K), 2 survivors (2048K)
 Metaspace       used 140985K, capacity 144822K, committed 145024K, reserved 1175552K
  class space    used 17553K, capacity 18952K, committed 19072K, reserved 1048576K
}
Event: 102.406 GC heap before
{Heap before GC invocations=110 (full 0):
 garbage-first heap   total 346112K, used 300032K [0x0000000080000000, 0x0000000100000000)
  region size 1024K, 16 young (16384K), 2 survivors (2048K)
 Metaspace       used 141034K, capacity 144886K, committed 145024K, reserved 1175552K
  class space    used 17554K, capacity 18952K, committed 19072K, reserved 1048576K
}
Event: 102.442 GC heap after
{Heap after GC invocations=111 (full 0):
 garbage-first heap   total 346112K, used 300032K [0x0000000080000000, 0x0000000100000000)
  region size 1024K, 2 young (2048K), 2 survivors (2048K)
 Metaspace       used 141034K, capacity 144886K, committed 145024K, reserved 1175552K
  class space    used 17554K, capacity 18952K, committed 19072K, reserved 1048576K
}
Event: 112.071 GC heap before
{Heap before GC invocations=112 (full 0):
 garbage-first heap   total 346112K, used 287744K [0x0000000080000000, 0x0000000100000000)
  region size 1024K, 16 young (16384K), 2 survivors (2048K)
 Metaspace       used 141758K, capacity 145871K, committed 146176K, reserved 1175552K
  class space    used 17646K, capacity 19091K, committed 19200K, reserved 1048576K
}

