# JRE version: OpenJDK Runtime Environment (11.0.10) (build 11.0.10+0-b96-7249189)
# Java VM: OpenJDK 64-Bit Server VM (11.0.10+0-b96-7249189, mixed mode, tiered, compressed oops, g1 gc, windows-amd64)
Heap:
 garbage-first heap   total 563200K, used 201139K [0x0000000080000000, 0x0000000100000000)
  region size 1024K, 6 young (6144K), 6 survivors (6144K)
 Metaspace       used 183408K, capacity 189122K, committed 189592K, reserved 1214464K
  class space    used 22492K, capacity 24584K, committed 24780K, reserved 1048576K
GC Heap History (20 events):
Event: 18997.165 GC heap after
{Heap after GC invocations=241 (full 0):
 garbage-first heap   total 280576K, used 173931K [0x0000000080000000, 0x0000000100000000)
  region size 1024K, 6 young (6144K), 6 survivors (6144K)
 Metaspace       used 182648K, capacity 188338K, committed 188696K, reserved 1214464K
  class space    used 22435K, capacity 24510K, committed 24652K, reserved 1048576K
}
Event: 18997.659 GC heap before
{Heap before GC invocations=241 (full 0):
 garbage-first heap   total 280576K, used 238443K [0x0000000080000000, 0x0000000100000000)
  region size 1024K, 69 young (70656K), 6 survivors (6144K)
 Metaspace       used 182666K, capacity 188338K, committed 188696K, reserved 1214464K
  class space    used 22435K, capacity 24510K, committed 24652K, reserved 1048576K
}
Event: 18997.694 GC heap after
{Heap after GC invocations=242 (full 0):
 garbage-first heap   total 366592K, used 178386K [0x0000000080000000, 0x0000000100000000)
  region size 1024K, 5 young (5120K), 5 survivors (5120K)
 Metaspace       used 182666K, capacity 188338K, committed 188696K, reserved 1214464K
  class space    used 22435K, capacity 24510K, committed 24652K, reserved 1048576K
}
Event: 18998.679 GC heap before
{Heap before GC invocations=243 (full 0):
 garbage-first heap   total 366592K, used 283858K [0x0000000080000000, 0x0000000100000000)
  region size 1024K, 108 young (110592K), 5 survivors (5120K)
 Metaspace       used 182721K, capacity 188410K, committed 188952K, reserved 1214464K
  class space    used 22436K, capacity 24511K, committed 24652K, reserved 1048576K
}
Event: 18998.696 GC heap after
{Heap after GC invocations=244 (full 0):
 garbage-first heap   total 366592K, used 179778K [0x0000000080000000, 0x0000000100000000)
  region size 1024K, 6 young (6144K), 6 survivors (6144K)
 Metaspace       used 182721K, capacity 188410K, committed 188952K, reserved 1214464K
  class space    used 22436K, capacity 24511K, committed 24652K, reserved 1048576K
}
Event: 18998.761 GC heap before
{Heap before GC invocations=244 (full 0):
 garbage-first heap   total 366592K, used 191042K [0x0000000080000000, 0x0000000100000000)
  region size 1024K, 17 young (17408K), 6 survivors (6144K)
 Metaspace       used 182721K, capacity 188410K, committed 188952K, reserved 1214464K
  class space    used 22436K, capacity 24511K, committed 24652K, reserved 1048576K
}
Event: 18998.787 GC heap after
{Heap after GC invocations=245 (full 0):
 garbage-first heap   total 366592K, used 177406K [0x0000000080000000, 0x0000000100000000)
  region size 1024K, 1 young (1024K), 1 survivors (1024K)
 Metaspace       used 182721K, capacity 188410K, committed 188952K, reserved 1214464K
  class space    used 22436K, capacity 24511K, committed 24652K, reserved 1048576K
}
Event: 18999.333 GC heap before
{Heap before GC invocations=245 (full 0):
 garbage-first heap   total 366592K, used 287998K [0x0000000080000000, 0x0000000100000000)
  region size 1024K, 109 young (111616K), 1 survivors (1024K)
 Metaspace       used 182731K, capacity 188411K, committed 188952K, reserved 1214464K
  class space    used 22436K, capacity 24511K, committed 24652K, reserved 1048576K
}
Event: 18999.347 GC heap after
{Heap after GC invocations=246 (full 0):
 garbage-first heap   total 366592K, used 177836K [0x0000000080000000, 0x0000000100000000)
  region size 1024K, 2 young (2048K), 2 survivors (2048K)
 Metaspace       used 182731K, capacity 188411K, committed 188952K, reserved 1214464K
  class space    used 22436K, capacity 24511K, committed 24652K, reserved 1048576K
}
Event: 19000.419 GC heap before
{Heap before GC invocations=247 (full 0):
 garbage-first heap   total 366592K, used 293548K [0x0000000080000000, 0x0000000100000000)
  region size 1024K, 115 young (117760K), 2 survivors (2048K)
 Metaspace       used 182959K, capacity 188640K, committed 189080K, reserved 1214464K
  class space    used 22459K, capacity 24544K, committed 24780K, reserved 1048576K
}
Event: 19000.439 GC heap after
{Heap after GC invocations=248 (full 0):
 garbage-first heap   total 454656K, used 180711K [0x0000000080000000, 0x0000000100000000)
  region size 1024K, 5 young (5120K), 5 survivors (5120K)
 Metaspace       used 182959K, capacity 188640K, committed 189080K, reserved 1214464K
  class space    used 22459K, capacity 24544K, committed 24780K, reserved 1048576K
}
Event: 19000.515 GC heap before
{Heap before GC invocations=248 (full 0):
 garbage-first heap   total 454656K, used 197095K [0x0000000080000000, 0x0000000100000000)
  region size 1024K, 22 young (22528K), 5 survivors (5120K)
 Metaspace       used 182982K, capacity 188704K, committed 189336K, reserved 1214464K
  class space    used 22462K, capacity 24544K, committed 24780K, reserved 1048576K
}
Event: 19000.527 GC heap after
{Heap after GC invocations=249 (full 0):
 garbage-first heap   total 454656K, used 180635K [0x0000000080000000, 0x0000000100000000)
  region size 1024K, 2 young (2048K), 2 survivors (2048K)
 Metaspace       used 182982K, capacity 188704K, committed 189336K, reserved 1214464K
  class space    used 22462K, capacity 24544K, committed 24780K, reserved 1048576K
}
Event: 19001.950 GC heap before
{Heap before GC invocations=249 (full 0):
 garbage-first heap   total 454656K, used 346523K [0x0000000080000000, 0x0000000100000000)
  region size 1024K, 165 young (168960K), 2 survivors (2048K)
 Metaspace       used 183177K, capacity 188877K, committed 189336K, reserved 1214464K
  class space    used 22489K, capacity 24581K, committed 24780K, reserved 1048576K
}
Event: 19001.980 GC heap after
{Heap after GC invocations=250 (full 0):
 garbage-first heap   total 454656K, used 183286K [0x0000000080000000, 0x0000000100000000)
  region size 1024K, 5 young (5120K), 5 survivors (5120K)
 Metaspace       used 183177K, capacity 188877K, committed 189336K, reserved 1214464K
  class space    used 22489K, capacity 24581K, committed 24780K, reserved 1048576K
}
Event: 19003.940 GC heap before
{Heap before GC invocations=251 (full 0):
 garbage-first heap   total 454656K, used 362486K [0x0000000080000000, 0x0000000100000000)
  region size 1024K, 178 young (182272K), 5 survivors (5120K)
 Metaspace       used 183368K, capacity 189115K, committed 189592K, reserved 1214464K
  class space    used 22492K, capacity 24583K, committed 24780K, reserved 1048576K
}
Event: 19003.985 GC heap after
{Heap after GC invocations=252 (full 0):
 garbage-first heap   total 454656K, used 198727K [0x0000000080000000, 0x0000000100000000)
  region size 1024K, 20 young (20480K), 20 survivors (20480K)
 Metaspace       used 183368K, capacity 189115K, committed 189592K, reserved 1214464K
  class space    used 22492K, capacity 24583K, committed 24780K, reserved 1048576K
}
Event: 19004.638 GC heap before
{Heap before GC invocations=252 (full 0):
 garbage-first heap   total 454656K, used 364615K [0x0000000080000000, 0x0000000100000000)
  region size 1024K, 182 young (186368K), 20 survivors (20480K)
 Metaspace       used 183384K, capacity 189120K, committed 189592K, reserved 1214464K
  class space    used 22492K, capacity 24584K, committed 24780K, reserved 1048576K
}
Event: 19004.706 GC heap after
{Heap after GC invocations=253 (full 0):
 garbage-first heap   total 454656K, used 201139K [0x0000000080000000, 0x0000000100000000)
  region size 1024K, 6 young (6144K), 6 survivors (6144K)
 Metaspace       used 183384K, capacity 189120K, committed 189592K, reserved 1214464K
  class space    used 22492K, capacity 24584K, committed 24780K, reserved 1048576K
}
Event: 19005.839 GC heap before
{Heap before GC invocations=254 (full 0):
 garbage-first heap   total 454656K, used 371123K [0x0000000080000000, 0x0000000100000000)
  region size 1024K, 172 young (176128K), 6 survivors (6144K)
 Metaspace       used 183408K, capacity 189122K, committed 189592K, reserved 1214464K
  class space    used 22492K, capacity 24584K, committed 24780K, reserved 1048576K
}

